2015-09-02 10:37:10,439 ERROR [main] - System.err - Warning: NLS unused message: Advanced_options_19 in: org.tigris.subversion.subclipse.ui.messages
2015-09-02 10:37:10,440 ERROR [main] - System.err - Warning: NLS unused message: After_configuring_the_project__1 in: org.tigris.subversion.subclipse.ui.messages
2015-09-02 10:37:10,440 ERROR [main] - System.err - Warning: NLS unused message: Automatically_import_the_local_resources_into_the_repository_3 in: org.tigris.subversion.subclipse.ui.messages
2015-09-02 10:37:10,440 ERROR [main] - System.err - Warning: NLS unused message: ConfigureTagsFromRepoViewConfigure_Tag_Error_1 in: org.tigris.subversion.subclipse.ui.messages
2015-09-02 10:37:10,440 ERROR [main] - System.err - Warning: NLS unused message: Configure_the_options_used_for_the_SVN_diff_command_20 in: org.tigris.subversion.subclipse.ui.messages
2015-09-02 10:37:10,440 ERROR [main] - System.err - Warning: NLS unused message: Context_14 in: org.tigris.subversion.subclipse.ui.messages
2015-09-02 10:37:10,441 ERROR [main] - System.err - Warning: NLS unused message: Do_nothing_5 in: org.tigris.subversion.subclipse.ui.messages
2015-09-02 10:37:10,441 ERROR [main] - System.err - Warning: NLS unused message: Example__1 in: org.tigris.subversion.subclipse.ui.messages
2015-09-02 10:37:10,441 ERROR [main] - System.err - Warning: NLS unused message: ExtMethodPreferencePage_Add_Variable in: org.tigris.subversion.subclipse.ui.messages
2015-09-02 10:37:10,441 ERROR [main] - System.err - Warning: NLS unused message: ExtMethodPreferencePage_Browse in: org.tigris.subversion.subclipse.ui.messages
2015-09-02 10:37:10,441 ERROR [main] - System.err - Warning: NLS unused message: ExtMethodPreferencePage_Details in: org.tigris.subversion.subclipse.ui.messages
2015-09-02 10:37:10,442 ERROR [main] - System.err - Warning: NLS unused message: ExtMethodPreferencePage_SVN_SERVER__7 in: org.tigris.subversion.subclipse.ui.messages
2015-09-02 10:37:10,442 ERROR [main] - System.err - Warning: NLS unused message: ExtMethodPreferencePage_message in: org.tigris.subversion.subclipse.ui.messages
2015-09-02 10:37:10,443 ERROR [main] - System.err - Warning: NLS unused message: Icon_Overlays_24 in: org.tigris.subversion.subclipse.ui.messages
2015-09-02 10:37:10,443 ERROR [main] - System.err - Warning: NLS unused message: Open_the_Synchronize_view_on_the_project_2 in: org.tigris.subversion.subclipse.ui.messages
2015-09-02 10:37:10,443 ERROR [main] - System.err - Warning: NLS unused message: browse in: org.tigris.subversion.subclipse.ui.messages
2015-09-02 10:37:10,444 ERROR [main] - System.err - Warning: NLS unused message: Run_update_4 in: org.tigris.subversion.subclipse.ui.messages
2015-09-02 10:37:10,444 ERROR [main] - System.err - Warning: NLS unused message: S&how_is_added_moved in: org.tigris.subversion.subclipse.ui.messages
2015-09-02 10:37:10,445 ERROR [main] - System.err - Warning: NLS unused message: Sho&w_outgoing_25 in: org.tigris.subversion.subclipse.ui.messages
2015-09-02 10:37:10,445 ERROR [main] - System.err - Warning: NLS unused message: Show_has_&remote_26 in: org.tigris.subversion.subclipse.ui.messages
2015-09-02 10:37:10,446 ERROR [main] - System.err - Warning: NLS unused message: Standard_15 in: org.tigris.subversion.subclipse.ui.messages
2015-09-02 10:37:10,446 ERROR [main] - System.err - Warning: NLS unused message: UpdateMergeActionProblems_merging_remote_resources_into_workspace_1 in: org.tigris.subversion.subclipse.ui.messages
2015-09-02 10:37:10,446 ERROR [main] - System.err - Warning: NLS unused message: UpdateMergeActionProblems_merging_remote_resources_into_workspace_2 in: org.tigris.subversion.subclipse.ui.messages
2015-09-02 10:37:10,446 ERROR [main] - System.err - Warning: NLS unused message: Validate_Connection_on_Finish_7 in: org.tigris.subversion.subclipse.ui.messages
2015-09-02 10:37:10,446 ERROR [main] - System.err - Warning: NLS unused message: buildError in: org.tigris.subversion.subclipse.ui.messages
2015-09-02 10:37:10,446 ERROR [main] - System.err - Warning: NLS unused message: confirmOverwrite in: org.tigris.subversion.subclipse.ui.messages
2015-09-02 10:37:10,447 ERROR [main] - System.err - Warning: NLS unused message: confirmOverwriteTitle in: org.tigris.subversion.subclipse.ui.messages
2015-09-02 10:37:10,447 ERROR [main] - System.err - Warning: NLS unused message: currentRevision in: org.tigris.subversion.subclipse.ui.messages
2015-09-02 10:37:10,447 ERROR [main] - System.err - Warning: NLS unused message: details in: org.tigris.subversion.subclipse.ui.messages
2015-09-02 10:37:10,447 ERROR [main] - System.err - Warning: NLS unused message: error in: org.tigris.subversion.subclipse.ui.messages
2015-09-02 10:37:10,447 ERROR [main] - System.err - Warning: NLS unused message: exception in: org.tigris.subversion.subclipse.ui.messages
2015-09-02 10:37:10,447 ERROR [main] - System.err - Warning: NLS unused message: flag_indicating_that_the_folder_has_a_child_resource_with_outgoing_changes_41 in: org.tigris.subversion.subclipse.ui.messages
2015-09-02 10:37:10,447 ERROR [main] - System.err - Warning: NLS unused message: information in: org.tigris.subversion.subclipse.ui.messages
2015-09-02 10:37:10,447 ERROR [main] - System.err - Warning: NLS unused message: internal in: org.tigris.subversion.subclipse.ui.messages
2015-09-02 10:37:10,447 ERROR [main] - System.err - Warning: NLS unused message: keyword_substitution_rule_for_the_resource_44 in: org.tigris.subversion.subclipse.ui.messages
2015-09-02 10:37:10,447 ERROR [main] - System.err - Warning: NLS unused message: localChanges in: org.tigris.subversion.subclipse.ui.messages
2015-09-02 10:37:10,447 ERROR [main] - System.err - Warning: NLS unused message: nameAndRevision in: org.tigris.subversion.subclipse.ui.messages
2015-09-02 10:37:10,447 ERROR [main] - System.err - Warning: NLS unused message: no in: org.tigris.subversion.subclipse.ui.messages
2015-09-02 10:37:10,447 ERROR [main] - System.err - Warning: NLS unused message: prompt in: org.tigris.subversion.subclipse.ui.messages
2015-09-02 10:37:10,447 ERROR [main] - System.err - Warning: NLS unused message: noauthor in: org.tigris.subversion.subclipse.ui.messages
2015-09-02 10:37:10,447 ERROR [main] - System.err - Warning: NLS unused message: notAvailable in: org.tigris.subversion.subclipse.ui.messages
2015-09-02 10:37:10,447 ERROR [main] - System.err - Warning: NLS unused message: ok in: org.tigris.subversion.subclipse.ui.messages
2015-09-02 10:37:10,447 ERROR [main] - System.err - Warning: NLS unused message: question in: org.tigris.subversion.subclipse.ui.messages
2015-09-02 10:37:10,447 ERROR [main] - System.err - Warning: NLS unused message: repository_home_directory_on_server_39 in: org.tigris.subversion.subclipse.ui.messages
2015-09-02 10:37:10,448 ERROR [main] - System.err - Warning: NLS unused message: root_relative_directory_40 in: org.tigris.subversion.subclipse.ui.messages
2015-09-02 10:37:10,448 ERROR [main] - System.err - Warning: NLS unused message: separator in: org.tigris.subversion.subclipse.ui.messages
2015-09-02 10:37:10,448 ERROR [main] - System.err - Warning: NLS unused message: simpleInternal in: org.tigris.subversion.subclipse.ui.messages
2015-09-02 10:37:10,448 ERROR [main] - System.err - Warning: NLS unused message: svn in: org.tigris.subversion.subclipse.ui.messages
2015-09-02 10:37:10,448 ERROR [main] - System.err - Warning: NLS unused message: the_repository_location__s_hostname_36 in: org.tigris.subversion.subclipse.ui.messages
2015-09-02 10:37:10,448 ERROR [main] - System.err - Warning: NLS unused message: the_tag_applied_to_the_resource_(version,_branch,_or_date)_35 in: org.tigris.subversion.subclipse.ui.messages
2015-09-02 10:37:10,448 ERROR [main] - System.err - Warning: NLS unused message: the_tag_applied_to_the_resource_43 in: org.tigris.subversion.subclipse.ui.messages
2015-09-02 10:37:10,448 ERROR [main] - System.err - Warning: NLS unused message: user_name_for_the_connection_38 in: org.tigris.subversion.subclipse.ui.messages
2015-09-02 10:37:10,448 ERROR [main] - System.err - Warning: NLS unused message: yes in: org.tigris.subversion.subclipse.ui.messages
2015-09-02 10:37:10,448 ERROR [main] - System.err - Warning: NLS unused message: AnnotateOperation_QDAnnotateTitle in: org.tigris.subversion.subclipse.ui.messages
2015-09-02 10:37:10,448 ERROR [main] - System.err - Warning: NLS unused message: AnnotateOperation_QDAnnotateMessage in: org.tigris.subversion.subclipse.ui.messages
2015-09-02 10:37:10,448 ERROR [main] - System.err - Warning: NLS unused message: AnnotateOperation_4 in: org.tigris.subversion.subclipse.ui.messages
2015-09-02 10:37:10,448 ERROR [main] - System.err - Warning: NLS unused message: SVNConflicts in: org.tigris.subversion.subclipse.ui.messages
2015-09-02 10:37:10,449 ERROR [main] - System.err - Warning: NLS unused message: WorkspaceChangeSetCapability_1 in: org.tigris.subversion.subclipse.ui.messages
2015-09-02 10:37:10,449 ERROR [main] - System.err - Warning: NLS unused message: WorkspaceChangeSetCapability_2 in: org.tigris.subversion.subclipse.ui.messages
2015-09-02 10:37:10,449 ERROR [main] - System.err - Warning: NLS unused message: WorkspaceChangeSetCapability_3 in: org.tigris.subversion.subclipse.ui.messages
2015-09-02 10:37:10,449 ERROR [main] - System.err - Warning: NLS unused message: WorkspaceChangeSetCapability_7 in: org.tigris.subversion.subclipse.ui.messages
2015-09-02 10:37:10,449 ERROR [main] - System.err - Warning: NLS unused message: WorkspaceChangeSetCapability_8 in: org.tigris.subversion.subclipse.ui.messages
2015-09-02 10:37:10,449 ERROR [main] - System.err - Warning: NLS unused message: OpenChangeSetAction_0 in: org.tigris.subversion.subclipse.ui.messages
2015-09-02 10:37:10,449 ERROR [main] - System.err - Warning: NLS unused message: OpenChangeSetAction_1 in: org.tigris.subversion.subclipse.ui.messages
2015-09-02 10:37:10,449 ERROR [main] - System.err - Warning: NLS unused message: OpenCommitSetAction_20 in: org.tigris.subversion.subclipse.ui.messages
2015-09-02 10:37:10,449 ERROR [main] - System.err - Warning: NLS unused message: OpenCommitSetAction_21 in: org.tigris.subversion.subclipse.ui.messages
2015-09-02 10:37:10,449 ERROR [main] - System.err - Warning: NLS unused message: CVSChangeSetCollector_0 in: org.tigris.subversion.subclipse.ui.messages
2015-09-02 10:37:10,449 ERROR [main] - System.err - Warning: NLS unused message: CVSChangeSetCollector_4 in: org.tigris.subversion.subclipse.ui.messages
2015-09-02 10:37:10,449 ERROR [main] - System.err - Warning: NLS unused message: WorkspaceSubscriberContext_0 in: org.tigris.subversion.subclipse.ui.messages
2015-09-02 10:37:10,449 ERROR [main] - System.err - Warning: NLS unused message: CommitSetDialog_0 in: org.tigris.subversion.subclipse.ui.messages
2015-09-02 10:37:10,449 ERROR [main] - System.err - Warning: NLS unused message: CommitSetDialog_2 in: org.tigris.subversion.subclipse.ui.messages
2015-09-02 10:37:10,449 ERROR [main] - System.err - Warning: NLS unused message: CommitSetDialog_3 in: org.tigris.subversion.subclipse.ui.messages
2015-09-02 10:37:10,449 ERROR [main] - System.err - Warning: NLS unused message: CommitCommentArea_0 in: org.tigris.subversion.subclipse.ui.messages
2015-09-02 10:37:10,449 ERROR [main] - System.err - Warning: NLS unused message: CommitCommentArea_1 in: org.tigris.subversion.subclipse.ui.messages
2015-09-02 10:37:10,449 ERROR [main] - System.err - Warning: NLS unused message: CommitCommentArea_2 in: org.tigris.subversion.subclipse.ui.messages
2015-09-02 10:37:10,450 ERROR [main] - System.err - Warning: NLS unused message: CommitCommentArea_3 in: org.tigris.subversion.subclipse.ui.messages
2015-09-02 10:37:10,450 ERROR [main] - System.err - Warning: NLS unused message: CommitCommentArea_4 in: org.tigris.subversion.subclipse.ui.messages
2015-09-02 10:37:10,450 ERROR [main] - System.err - Warning: NLS unused message: CommitCommentArea_5 in: org.tigris.subversion.subclipse.ui.messages
2015-09-02 10:37:10,450 ERROR [main] - System.err - Warning: NLS unused message: CommitCommentArea_6 in: org.tigris.subversion.subclipse.ui.messages
2015-09-02 10:57:49,431 ERROR [main] - System.err - Warning: NLS unused message: Advanced_options_19 in: org.tigris.subversion.subclipse.ui.messages
2015-09-02 10:57:49,431 ERROR [main] - System.err - Warning: NLS unused message: After_configuring_the_project__1 in: org.tigris.subversion.subclipse.ui.messages
2015-09-02 10:57:49,431 ERROR [main] - System.err - Warning: NLS unused message: Automatically_import_the_local_resources_into_the_repository_3 in: org.tigris.subversion.subclipse.ui.messages
2015-09-02 10:57:49,431 ERROR [main] - System.err - Warning: NLS unused message: ConfigureTagsFromRepoViewConfigure_Tag_Error_1 in: org.tigris.subversion.subclipse.ui.messages
2015-09-02 10:57:49,431 ERROR [main] - System.err - Warning: NLS unused message: Configure_the_options_used_for_the_SVN_diff_command_20 in: org.tigris.subversion.subclipse.ui.messages
2015-09-02 10:57:49,432 ERROR [main] - System.err - Warning: NLS unused message: Context_14 in: org.tigris.subversion.subclipse.ui.messages
2015-09-02 10:57:49,432 ERROR [main] - System.err - Warning: NLS unused message: Do_nothing_5 in: org.tigris.subversion.subclipse.ui.messages
2015-09-02 10:57:49,432 ERROR [main] - System.err - Warning: NLS unused message: Example__1 in: org.tigris.subversion.subclipse.ui.messages
2015-09-02 10:57:49,432 ERROR [main] - System.err - Warning: NLS unused message: ExtMethodPreferencePage_Add_Variable in: org.tigris.subversion.subclipse.ui.messages
2015-09-02 10:57:49,432 ERROR [main] - System.err - Warning: NLS unused message: ExtMethodPreferencePage_Browse in: org.tigris.subversion.subclipse.ui.messages
2015-09-02 10:57:49,432 ERROR [main] - System.err - Warning: NLS unused message: ExtMethodPreferencePage_Details in: org.tigris.subversion.subclipse.ui.messages
2015-09-02 10:57:49,432 ERROR [main] - System.err - Warning: NLS unused message: ExtMethodPreferencePage_SVN_SERVER__7 in: org.tigris.subversion.subclipse.ui.messages
2015-09-02 10:57:49,432 ERROR [main] - System.err - Warning: NLS unused message: ExtMethodPreferencePage_message in: org.tigris.subversion.subclipse.ui.messages
2015-09-02 10:57:49,432 ERROR [main] - System.err - Warning: NLS unused message: Icon_Overlays_24 in: org.tigris.subversion.subclipse.ui.messages
2015-09-02 10:57:49,432 ERROR [main] - System.err - Warning: NLS unused message: Open_the_Synchronize_view_on_the_project_2 in: org.tigris.subversion.subclipse.ui.messages
2015-09-02 10:57:49,432 ERROR [main] - System.err - Warning: NLS unused message: browse in: org.tigris.subversion.subclipse.ui.messages
2015-09-02 10:57:49,433 ERROR [main] - System.err - Warning: NLS unused message: Run_update_4 in: org.tigris.subversion.subclipse.ui.messages
2015-09-02 10:57:49,433 ERROR [main] - System.err - Warning: NLS unused message: S&how_is_added_moved in: org.tigris.subversion.subclipse.ui.messages
2015-09-02 10:57:49,433 ERROR [main] - System.err - Warning: NLS unused message: Sho&w_outgoing_25 in: org.tigris.subversion.subclipse.ui.messages
2015-09-02 10:57:49,433 ERROR [main] - System.err - Warning: NLS unused message: Show_has_&remote_26 in: org.tigris.subversion.subclipse.ui.messages
2015-09-02 10:57:49,433 ERROR [main] - System.err - Warning: NLS unused message: Standard_15 in: org.tigris.subversion.subclipse.ui.messages
2015-09-02 10:57:49,434 ERROR [main] - System.err - Warning: NLS unused message: UpdateMergeActionProblems_merging_remote_resources_into_workspace_1 in: org.tigris.subversion.subclipse.ui.messages
2015-09-02 10:57:49,434 ERROR [main] - System.err - Warning: NLS unused message: UpdateMergeActionProblems_merging_remote_resources_into_workspace_2 in: org.tigris.subversion.subclipse.ui.messages
2015-09-02 10:57:49,434 ERROR [main] - System.err - Warning: NLS unused message: Validate_Connection_on_Finish_7 in: org.tigris.subversion.subclipse.ui.messages
2015-09-02 10:57:49,434 ERROR [main] - System.err - Warning: NLS unused message: buildError in: org.tigris.subversion.subclipse.ui.messages
2015-09-02 10:57:49,434 ERROR [main] - System.err - Warning: NLS unused message: confirmOverwrite in: org.tigris.subversion.subclipse.ui.messages
2015-09-02 10:57:49,434 ERROR [main] - System.err - Warning: NLS unused message: confirmOverwriteTitle in: org.tigris.subversion.subclipse.ui.messages
2015-09-02 10:57:49,434 ERROR [main] - System.err - Warning: NLS unused message: currentRevision in: org.tigris.subversion.subclipse.ui.messages
2015-09-02 10:57:49,434 ERROR [main] - System.err - Warning: NLS unused message: details in: org.tigris.subversion.subclipse.ui.messages
2015-09-02 10:57:49,434 ERROR [main] - System.err - Warning: NLS unused message: error in: org.tigris.subversion.subclipse.ui.messages
2015-09-02 10:57:49,434 ERROR [main] - System.err - Warning: NLS unused message: exception in: org.tigris.subversion.subclipse.ui.messages
2015-09-02 10:57:49,434 ERROR [main] - System.err - Warning: NLS unused message: flag_indicating_that_the_folder_has_a_child_resource_with_outgoing_changes_41 in: org.tigris.subversion.subclipse.ui.messages
2015-09-02 10:57:49,434 ERROR [main] - System.err - Warning: NLS unused message: information in: org.tigris.subversion.subclipse.ui.messages
2015-09-02 10:57:49,434 ERROR [main] - System.err - Warning: NLS unused message: internal in: org.tigris.subversion.subclipse.ui.messages
2015-09-02 10:57:49,434 ERROR [main] - System.err - Warning: NLS unused message: keyword_substitution_rule_for_the_resource_44 in: org.tigris.subversion.subclipse.ui.messages
2015-09-02 10:57:49,434 ERROR [main] - System.err - Warning: NLS unused message: localChanges in: org.tigris.subversion.subclipse.ui.messages
2015-09-02 10:57:49,434 ERROR [main] - System.err - Warning: NLS unused message: nameAndRevision in: org.tigris.subversion.subclipse.ui.messages
2015-09-02 10:57:49,434 ERROR [main] - System.err - Warning: NLS unused message: no in: org.tigris.subversion.subclipse.ui.messages
2015-09-02 10:57:49,434 ERROR [main] - System.err - Warning: NLS unused message: prompt in: org.tigris.subversion.subclipse.ui.messages
2015-09-02 10:57:49,434 ERROR [main] - System.err - Warning: NLS unused message: noauthor in: org.tigris.subversion.subclipse.ui.messages
2015-09-02 10:57:49,434 ERROR [main] - System.err - Warning: NLS unused message: notAvailable in: org.tigris.subversion.subclipse.ui.messages
2015-09-02 10:57:49,434 ERROR [main] - System.err - Warning: NLS unused message: ok in: org.tigris.subversion.subclipse.ui.messages
2015-09-02 10:57:49,434 ERROR [main] - System.err - Warning: NLS unused message: question in: org.tigris.subversion.subclipse.ui.messages
2015-09-02 10:57:49,435 ERROR [main] - System.err - Warning: NLS unused message: repository_home_directory_on_server_39 in: org.tigris.subversion.subclipse.ui.messages
2015-09-02 10:57:49,435 ERROR [main] - System.err - Warning: NLS unused message: root_relative_directory_40 in: org.tigris.subversion.subclipse.ui.messages
2015-09-02 10:57:49,435 ERROR [main] - System.err - Warning: NLS unused message: separator in: org.tigris.subversion.subclipse.ui.messages
2015-09-02 10:57:49,435 ERROR [main] - System.err - Warning: NLS unused message: simpleInternal in: org.tigris.subversion.subclipse.ui.messages
2015-09-02 10:57:49,435 ERROR [main] - System.err - Warning: NLS unused message: svn in: org.tigris.subversion.subclipse.ui.messages
2015-09-02 10:57:49,435 ERROR [main] - System.err - Warning: NLS unused message: the_repository_location__s_hostname_36 in: org.tigris.subversion.subclipse.ui.messages
2015-09-02 10:57:49,435 ERROR [main] - System.err - Warning: NLS unused message: the_tag_applied_to_the_resource_(version,_branch,_or_date)_35 in: org.tigris.subversion.subclipse.ui.messages
2015-09-02 10:57:49,435 ERROR [main] - System.err - Warning: NLS unused message: the_tag_applied_to_the_resource_43 in: org.tigris.subversion.subclipse.ui.messages
2015-09-02 10:57:49,435 ERROR [main] - System.err - Warning: NLS unused message: user_name_for_the_connection_38 in: org.tigris.subversion.subclipse.ui.messages
2015-09-02 10:57:49,435 ERROR [main] - System.err - Warning: NLS unused message: yes in: org.tigris.subversion.subclipse.ui.messages
2015-09-02 10:57:49,435 ERROR [main] - System.err - Warning: NLS unused message: AnnotateOperation_QDAnnotateTitle in: org.tigris.subversion.subclipse.ui.messages
2015-09-02 10:57:49,435 ERROR [main] - System.err - Warning: NLS unused message: AnnotateOperation_QDAnnotateMessage in: org.tigris.subversion.subclipse.ui.messages
2015-09-02 10:57:49,435 ERROR [main] - System.err - Warning: NLS unused message: AnnotateOperation_4 in: org.tigris.subversion.subclipse.ui.messages
2015-09-02 10:57:49,435 ERROR [main] - System.err - Warning: NLS unused message: SVNConflicts in: org.tigris.subversion.subclipse.ui.messages
2015-09-02 10:57:49,435 ERROR [main] - System.err - Warning: NLS unused message: WorkspaceChangeSetCapability_1 in: org.tigris.subversion.subclipse.ui.messages
2015-09-02 10:57:49,435 ERROR [main] - System.err - Warning: NLS unused message: WorkspaceChangeSetCapability_2 in: org.tigris.subversion.subclipse.ui.messages
2015-09-02 10:57:49,435 ERROR [main] - System.err - Warning: NLS unused message: WorkspaceChangeSetCapability_3 in: org.tigris.subversion.subclipse.ui.messages
2015-09-02 10:57:49,435 ERROR [main] - System.err - Warning: NLS unused message: WorkspaceChangeSetCapability_7 in: org.tigris.subversion.subclipse.ui.messages
2015-09-02 10:57:49,435 ERROR [main] - System.err - Warning: NLS unused message: WorkspaceChangeSetCapability_8 in: org.tigris.subversion.subclipse.ui.messages
2015-09-02 10:57:49,435 ERROR [main] - System.err - Warning: NLS unused message: OpenChangeSetAction_0 in: org.tigris.subversion.subclipse.ui.messages
2015-09-02 10:57:49,435 ERROR [main] - System.err - Warning: NLS unused message: OpenChangeSetAction_1 in: org.tigris.subversion.subclipse.ui.messages
2015-09-02 10:57:49,435 ERROR [main] - System.err - Warning: NLS unused message: OpenCommitSetAction_20 in: org.tigris.subversion.subclipse.ui.messages
2015-09-02 10:57:49,435 ERROR [main] - System.err - Warning: NLS unused message: OpenCommitSetAction_21 in: org.tigris.subversion.subclipse.ui.messages
2015-09-02 10:57:49,435 ERROR [main] - System.err - Warning: NLS unused message: CVSChangeSetCollector_0 in: org.tigris.subversion.subclipse.ui.messages
2015-09-02 10:57:49,435 ERROR [main] - System.err - Warning: NLS unused message: CVSChangeSetCollector_4 in: org.tigris.subversion.subclipse.ui.messages
2015-09-02 10:57:49,435 ERROR [main] - System.err - Warning: NLS unused message: WorkspaceSubscriberContext_0 in: org.tigris.subversion.subclipse.ui.messages
2015-09-02 10:57:49,435 ERROR [main] - System.err - Warning: NLS unused message: CommitSetDialog_0 in: org.tigris.subversion.subclipse.ui.messages
2015-09-02 10:57:49,436 ERROR [main] - System.err - Warning: NLS unused message: CommitSetDialog_2 in: org.tigris.subversion.subclipse.ui.messages
2015-09-02 10:57:49,436 ERROR [main] - System.err - Warning: NLS unused message: CommitSetDialog_3 in: org.tigris.subversion.subclipse.ui.messages
2015-09-02 10:57:49,436 ERROR [main] - System.err - Warning: NLS unused message: CommitCommentArea_0 in: org.tigris.subversion.subclipse.ui.messages
2015-09-02 10:57:49,436 ERROR [main] - System.err - Warning: NLS unused message: CommitCommentArea_1 in: org.tigris.subversion.subclipse.ui.messages
2015-09-02 10:57:49,436 ERROR [main] - System.err - Warning: NLS unused message: CommitCommentArea_2 in: org.tigris.subversion.subclipse.ui.messages
2015-09-02 10:57:49,436 ERROR [main] - System.err - Warning: NLS unused message: CommitCommentArea_3 in: org.tigris.subversion.subclipse.ui.messages
2015-09-02 10:57:49,436 ERROR [main] - System.err - Warning: NLS unused message: CommitCommentArea_4 in: org.tigris.subversion.subclipse.ui.messages
2015-09-02 10:57:49,436 ERROR [main] - System.err - Warning: NLS unused message: CommitCommentArea_5 in: org.tigris.subversion.subclipse.ui.messages
2015-09-02 10:57:49,436 ERROR [main] - System.err - Warning: NLS unused message: CommitCommentArea_6 in: org.tigris.subversion.subclipse.ui.messages
